/home/wageh/.local/lib/python3.10/site-packages/setuptools/_distutils/dist.py:261: UserWarning: Unknown distribution option: 'tests_require'
  warnings.warn(msg)
running egg_info
creating ../../build/my_robot/my_robot.egg-info
writing ../../build/my_robot/my_robot.egg-info/PKG-INFO
writing dependency_links to ../../build/my_robot/my_robot.egg-info/dependency_links.txt
writing requirements to ../../build/my_robot/my_robot.egg-info/requires.txt
writing top-level names to ../../build/my_robot/my_robot.egg-info/top_level.txt
writing manifest file '../../build/my_robot/my_robot.egg-info/SOURCES.txt'
reading manifest file '../../build/my_robot/my_robot.egg-info/SOURCES.txt'
writing manifest file '../../build/my_robot/my_robot.egg-info/SOURCES.txt'
running build
running build_py
creating /home/wageh/test/build/my_robot/build/lib/my_robot
copying my_robot/__init__.py -> /home/wageh/test/build/my_robot/build/lib/my_robot
running install
running install_lib
creating /home/wageh/test/install/my_robot/lib/python3.10/site-packages/my_robot
copying /home/wageh/test/build/my_robot/build/lib/my_robot/__init__.py -> /home/wageh/test/install/my_robot/lib/python3.10/site-packages/my_robot
byte-compiling /home/wageh/test/install/my_robot/lib/python3.10/site-packages/my_robot/__init__.py to __init__.cpython-310.pyc
running install_data
creating /home/wageh/test/install/my_robot/share/ament_index/resource_index/packages
copying resource/my_robot -> /home/wageh/test/install/my_robot/share/ament_index/resource_index/packages
copying package.xml -> /home/wageh/test/install/my_robot/share/my_robot
copying launch/gz_simulator_launch.py -> /home/wageh/test/install/my_robot/share/my_robot
copying launch/launch.py -> /home/wageh/test/install/my_robot/share/my_robot
creating /home/wageh/test/install/my_robot/share/my_robot/urdf
copying urdf/Assem1.urdf -> /home/wageh/test/install/my_robot/share/my_robot/urdf
creating /home/wageh/test/install/my_robot/share/my_robot/world
copying world/depot.sdf -> /home/wageh/test/install/my_robot/share/my_robot/world
creating /home/wageh/test/install/my_robot/share/my_robot/rviz
creating /home/wageh/test/install/my_robot/share/my_robot/meshes/collision
copying meshes/collision/tire4.STL -> /home/wageh/test/install/my_robot/share/my_robot/meshes/collision
copying meshes/collision/camera.STL -> /home/wageh/test/install/my_robot/share/my_robot/meshes/collision
copying meshes/collision/lider.STL -> /home/wageh/test/install/my_robot/share/my_robot/meshes/collision
copying meshes/collision/tire1.STL -> /home/wageh/test/install/my_robot/share/my_robot/meshes/collision
copying meshes/collision/tire3.STL -> /home/wageh/test/install/my_robot/share/my_robot/meshes/collision
copying meshes/collision/base_link.STL -> /home/wageh/test/install/my_robot/share/my_robot/meshes/collision
copying meshes/collision/tire2.STL -> /home/wageh/test/install/my_robot/share/my_robot/meshes/collision
creating /home/wageh/test/install/my_robot/share/my_robot/meshes/visual
copying meshes/visual/tire4.STL -> /home/wageh/test/install/my_robot/share/my_robot/meshes/visual
copying meshes/visual/camera.STL -> /home/wageh/test/install/my_robot/share/my_robot/meshes/visual
copying meshes/visual/lider.STL -> /home/wageh/test/install/my_robot/share/my_robot/meshes/visual
copying meshes/visual/tire1.STL -> /home/wageh/test/install/my_robot/share/my_robot/meshes/visual
copying meshes/visual/tire3.STL -> /home/wageh/test/install/my_robot/share/my_robot/meshes/visual
copying meshes/visual/base_link.STL -> /home/wageh/test/install/my_robot/share/my_robot/meshes/visual
copying meshes/visual/tire2.STL -> /home/wageh/test/install/my_robot/share/my_robot/meshes/visual
running install_egg_info
Copying ../../build/my_robot/my_robot.egg-info to /home/wageh/test/install/my_robot/lib/python3.10/site-packages/my_robot-0.0.0-py3.10.egg-info
running install_scripts
writing list of installed files to '/home/wageh/test/build/my_robot/install.log'
