[0.633s] Invoking command in '/home/wageh/test/src/my_laser_package': PYTHONPATH=/home/wageh/test/build/my_laser_package/prefix_override:/usr/lib/python3/dist-packages/colcon_core/task/python/colcon_distutils_commands:/home/wageh/test/install/my_laser_package/lib/python3.10/site-packages:${PYTHONPATH} /usr/bin/python3 -W ignore:setup.py install is deprecated -W ignore:easy_install command is deprecated setup.py egg_info --egg-base ../../build/my_laser_package build --build-base /home/wageh/test/build/my_laser_package/build install --record /home/wageh/test/build/my_laser_package/install.log --single-version-externally-managed install_data
[0.725s] /home/wageh/.local/lib/python3.10/site-packages/setuptools/_distutils/dist.py:261: UserWarning: Unknown distribution option: 'tests_require'
[0.725s]   warnings.warn(msg)
[0.769s] running egg_info
[0.776s] writing ../../build/my_laser_package/my_laser_package.egg-info/PKG-INFO
[0.777s] writing dependency_links to ../../build/my_laser_package/my_laser_package.egg-info/dependency_links.txt
[0.777s] writing entry points to ../../build/my_laser_package/my_laser_package.egg-info/entry_points.txt
[0.777s] writing requirements to ../../build/my_laser_package/my_laser_package.egg-info/requires.txt
[0.777s] writing top-level names to ../../build/my_laser_package/my_laser_package.egg-info/top_level.txt
[0.792s] reading manifest file '../../build/my_laser_package/my_laser_package.egg-info/SOURCES.txt'
[0.793s] writing manifest file '../../build/my_laser_package/my_laser_package.egg-info/SOURCES.txt'
[0.793s] running build
[0.793s] running build_py
[0.794s] copying my_laser_package/lider_node.py -> /home/wageh/test/build/my_laser_package/build/lib/my_laser_package
[0.794s] copying my_laser_package/__init__.py -> /home/wageh/test/build/my_laser_package/build/lib/my_laser_package
[0.794s] running install
[0.796s] running install_lib
[0.803s] running install_data
[0.804s] copying resource/my_laser_package -> /home/wageh/test/install/my_laser_package/share/ament_index/resource_index/packages
[0.804s] copying package.xml -> /home/wageh/test/install/my_laser_package/share/my_laser_package
[0.804s] running install_egg_info
[0.811s] removing '/home/wageh/test/install/my_laser_package/lib/python3.10/site-packages/my_laser_package-0.0.0-py3.10.egg-info' (and everything under it)
[0.812s] Copying ../../build/my_laser_package/my_laser_package.egg-info to /home/wageh/test/install/my_laser_package/lib/python3.10/site-packages/my_laser_package-0.0.0-py3.10.egg-info
[0.812s] running install_scripts
[0.876s] Installing lider_node script to /home/wageh/test/install/my_laser_package/lib/my_laser_package
[0.876s] writing list of installed files to '/home/wageh/test/build/my_laser_package/install.log'
[0.900s] Invoked command in '/home/wageh/test/src/my_laser_package' returned '0': PYTHONPATH=/home/wageh/test/build/my_laser_package/prefix_override:/usr/lib/python3/dist-packages/colcon_core/task/python/colcon_distutils_commands:/home/wageh/test/install/my_laser_package/lib/python3.10/site-packages:${PYTHONPATH} /usr/bin/python3 -W ignore:setup.py install is deprecated -W ignore:easy_install command is deprecated setup.py egg_info --egg-base ../../build/my_laser_package build --build-base /home/wageh/test/build/my_laser_package/build install --record /home/wageh/test/build/my_laser_package/install.log --single-version-externally-managed install_data
