[1.290s] Invoking command in '/home/wageh/test/src/my_laser_package': PYTHONPATH=/home/wageh/test/build/my_laser_package/prefix_override:/usr/lib/python3/dist-packages/colcon_core/task/python/colcon_distutils_commands:/home/wageh/test/install/my_laser_package/lib/python3.10/site-packages:${PYTHONPATH} /usr/bin/python3 -W ignore:setup.py install is deprecated -W ignore:easy_install command is deprecated setup.py egg_info --egg-base ../../build/my_laser_package build --build-base /home/wageh/test/build/my_laser_package/build install --record /home/wageh/test/build/my_laser_package/install.log --single-version-externally-managed install_data
[1.474s] /home/wageh/.local/lib/python3.10/site-packages/setuptools/_distutils/dist.py:261: UserWarning: Unknown distribution option: 'tests_require'
[1.474s]   warnings.warn(msg)
[1.569s] running egg_info
[1.582s] writing ../../build/my_laser_package/my_laser_package.egg-info/PKG-INFO
[1.583s] writing dependency_links to ../../build/my_laser_package/my_laser_package.egg-info/dependency_links.txt
[1.583s] writing entry points to ../../build/my_laser_package/my_laser_package.egg-info/entry_points.txt
[1.583s] writing requirements to ../../build/my_laser_package/my_laser_package.egg-info/requires.txt
[1.583s] writing top-level names to ../../build/my_laser_package/my_laser_package.egg-info/top_level.txt
[1.622s] reading manifest file '../../build/my_laser_package/my_laser_package.egg-info/SOURCES.txt'
[1.624s] writing manifest file '../../build/my_laser_package/my_laser_package.egg-info/SOURCES.txt'
[1.624s] running build
[1.624s] running build_py
[1.625s] copying my_laser_package/lider_node.py -> /home/wageh/test/build/my_laser_package/build/lib/my_laser_package
[1.625s] copying my_laser_package/__init__.py -> /home/wageh/test/build/my_laser_package/build/lib/my_laser_package
[1.626s] running install
[1.631s] running install_lib
[1.651s] running install_data
[1.651s] copying resource/my_laser_package -> /home/wageh/test/install/my_laser_package/share/ament_index/resource_index/packages
[1.652s] copying package.xml -> /home/wageh/test/install/my_laser_package/share/my_laser_package
[1.652s] running install_egg_info
[1.669s] removing '/home/wageh/test/install/my_laser_package/lib/python3.10/site-packages/my_laser_package-0.0.0-py3.10.egg-info' (and everything under it)
[1.669s] Copying ../../build/my_laser_package/my_laser_package.egg-info to /home/wageh/test/install/my_laser_package/lib/python3.10/site-packages/my_laser_package-0.0.0-py3.10.egg-info
[1.670s] running install_scripts
[1.801s] Installing lider_node script to /home/wageh/test/install/my_laser_package/lib/my_laser_package
[1.801s] writing list of installed files to '/home/wageh/test/build/my_laser_package/install.log'
[1.890s] Invoked command in '/home/wageh/test/src/my_laser_package' returned '0': PYTHONPATH=/home/wageh/test/build/my_laser_package/prefix_override:/usr/lib/python3/dist-packages/colcon_core/task/python/colcon_distutils_commands:/home/wageh/test/install/my_laser_package/lib/python3.10/site-packages:${PYTHONPATH} /usr/bin/python3 -W ignore:setup.py install is deprecated -W ignore:easy_install command is deprecated setup.py egg_info --egg-base ../../build/my_laser_package build --build-base /home/wageh/test/build/my_laser_package/build install --record /home/wageh/test/build/my_laser_package/install.log --single-version-externally-managed install_data
