[0.647s] Invoking command in '/home/wageh/test/src/my_laser_package': PYTHONPATH=/home/wageh/test/build/my_laser_package/prefix_override:/usr/lib/python3/dist-packages/colcon_core/task/python/colcon_distutils_commands:/home/wageh/test/install/my_laser_package/lib/python3.10/site-packages:${PYTHONPATH} /usr/bin/python3 -W ignore:setup.py install is deprecated -W ignore:easy_install command is deprecated setup.py egg_info --egg-base ../../build/my_laser_package build --build-base /home/wageh/test/build/my_laser_package/build install --record /home/wageh/test/build/my_laser_package/install.log --single-version-externally-managed install_data
[0.736s] /home/wageh/.local/lib/python3.10/site-packages/setuptools/_distutils/dist.py:261: UserWarning: Unknown distribution option: 'tests_require'
[0.737s]   warnings.warn(msg)
[0.781s] running egg_info
[0.789s] writing ../../build/my_laser_package/my_laser_package.egg-info/PKG-INFO
[0.789s] writing dependency_links to ../../build/my_laser_package/my_laser_package.egg-info/dependency_links.txt
[0.790s] writing entry points to ../../build/my_laser_package/my_laser_package.egg-info/entry_points.txt
[0.790s] writing requirements to ../../build/my_laser_package/my_laser_package.egg-info/requires.txt
[0.790s] writing top-level names to ../../build/my_laser_package/my_laser_package.egg-info/top_level.txt
[0.805s] reading manifest file '../../build/my_laser_package/my_laser_package.egg-info/SOURCES.txt'
[0.806s] writing manifest file '../../build/my_laser_package/my_laser_package.egg-info/SOURCES.txt'
[0.806s] running build
[0.806s] running build_py
[0.807s] copying my_laser_package/lider_node.py -> /home/wageh/test/build/my_laser_package/build/lib/my_laser_package
[0.807s] copying my_laser_package/__init__.py -> /home/wageh/test/build/my_laser_package/build/lib/my_laser_package
[0.807s] running install
[0.809s] running install_lib
[0.817s] running install_data
[0.817s] copying resource/my_laser_package -> /home/wageh/test/install/my_laser_package/share/ament_index/resource_index/packages
[0.817s] copying package.xml -> /home/wageh/test/install/my_laser_package/share/my_laser_package
[0.817s] running install_egg_info
[0.825s] removing '/home/wageh/test/install/my_laser_package/lib/python3.10/site-packages/my_laser_package-0.0.0-py3.10.egg-info' (and everything under it)
[0.826s] Copying ../../build/my_laser_package/my_laser_package.egg-info to /home/wageh/test/install/my_laser_package/lib/python3.10/site-packages/my_laser_package-0.0.0-py3.10.egg-info
[0.826s] running install_scripts
[0.895s] Installing lider_node script to /home/wageh/test/install/my_laser_package/lib/my_laser_package
[0.895s] writing list of installed files to '/home/wageh/test/build/my_laser_package/install.log'
[0.921s] Invoked command in '/home/wageh/test/src/my_laser_package' returned '0': PYTHONPATH=/home/wageh/test/build/my_laser_package/prefix_override:/usr/lib/python3/dist-packages/colcon_core/task/python/colcon_distutils_commands:/home/wageh/test/install/my_laser_package/lib/python3.10/site-packages:${PYTHONPATH} /usr/bin/python3 -W ignore:setup.py install is deprecated -W ignore:easy_install command is deprecated setup.py egg_info --egg-base ../../build/my_laser_package build --build-base /home/wageh/test/build/my_laser_package/build install --record /home/wageh/test/build/my_laser_package/install.log --single-version-externally-managed install_data
