running egg_info
writing ../../build/my_camera_package/my_camera_package.egg-info/PKG-INFO
writing dependency_links to ../../build/my_camera_package/my_camera_package.egg-info/dependency_links.txt
writing entry points to ../../build/my_camera_package/my_camera_package.egg-info/entry_points.txt
writing requirements to ../../build/my_camera_package/my_camera_package.egg-info/requires.txt
writing top-level names to ../../build/my_camera_package/my_camera_package.egg-info/top_level.txt
reading manifest file '../../build/my_camera_package/my_camera_package.egg-info/SOURCES.txt'
writing manifest file '../../build/my_camera_package/my_camera_package.egg-info/SOURCES.txt'
running build
running build_py
copying my_camera_package/camera_node.py -> /home/wageh/test/build/my_camera_package/build/lib/my_camera_package
copying my_camera_package/__init__.py -> /home/wageh/test/build/my_camera_package/build/lib/my_camera_package
running install
running install_lib
running install_data
copying resource/my_camera_package -> /home/wageh/test/install/my_camera_package/share/ament_index/resource_index/packages
copying package.xml -> /home/wageh/test/install/my_camera_package/share/my_camera_package
running install_egg_info
removing '/home/wageh/test/install/my_camera_package/lib/python3.10/site-packages/my_camera_package-0.0.0-py3.10.egg-info' (and everything under it)
Copying ../../build/my_camera_package/my_camera_package.egg-info to /home/wageh/test/install/my_camera_package/lib/python3.10/site-packages/my_camera_package-0.0.0-py3.10.egg-info
running install_scripts
Installing camera_node script to /home/wageh/test/install/my_camera_package/lib/my_camera_package
writing list of installed files to '/home/wageh/test/build/my_camera_package/install.log'
