running egg_info
creating ../../build/new_pkg/new_pkg.egg-info
writing ../../build/new_pkg/new_pkg.egg-info/PKG-INFO
writing dependency_links to ../../build/new_pkg/new_pkg.egg-info/dependency_links.txt
writing requirements to ../../build/new_pkg/new_pkg.egg-info/requires.txt
writing top-level names to ../../build/new_pkg/new_pkg.egg-info/top_level.txt
writing manifest file '../../build/new_pkg/new_pkg.egg-info/SOURCES.txt'
reading manifest file '../../build/new_pkg/new_pkg.egg-info/SOURCES.txt'
writing manifest file '../../build/new_pkg/new_pkg.egg-info/SOURCES.txt'
running build
running build_py
creating /home/wageh/test/build/new_pkg/build/lib/new_pkg
copying new_pkg/__init__.py -> /home/wageh/test/build/new_pkg/build/lib/new_pkg
running install
running install_lib
creating /home/wageh/test/install/new_pkg/lib/python3.10/site-packages/new_pkg
copying /home/wageh/test/build/new_pkg/build/lib/new_pkg/__init__.py -> /home/wageh/test/install/new_pkg/lib/python3.10/site-packages/new_pkg
byte-compiling /home/wageh/test/install/new_pkg/lib/python3.10/site-packages/new_pkg/__init__.py to __init__.cpython-310.pyc
running install_data
creating /home/wageh/test/install/new_pkg/share/ament_index/resource_index/packages
copying resource/new_pkg -> /home/wageh/test/install/new_pkg/share/ament_index/resource_index/packages
copying package.xml -> /home/wageh/test/install/new_pkg/share/new_pkg
running install_egg_info
Copying ../../build/new_pkg/new_pkg.egg-info to /home/wageh/test/install/new_pkg/lib/python3.10/site-packages/new_pkg-0.0.0-py3.10.egg-info
running install_scripts
writing list of installed files to '/home/wageh/test/build/new_pkg/install.log'
