[0.114s] DEBUG:colcon:Command line arguments: ['/usr/bin/colcon', 'build']
[0.114s] DEBUG:colcon:Parsed command line arguments: Namespace(log_base=None, log_level=None, verb_name='build', build_base='build', install_base='install', merge_install=False, symlink_install=False, test_result_base=None, continue_on_error=False, executor='parallel', parallel_workers=12, event_handlers=None, ignore_user_meta=False, metas=['./colcon.meta'], base_paths=['.'], packages_ignore=None, packages_ignore_regex=None, paths=None, packages_up_to=None, packages_up_to_regex=None, packages_above=None, packages_above_and_dependencies=None, packages_above_depth=None, packages_select_by_dep=None, packages_skip_by_dep=None, packages_skip_up_to=None, packages_select_build_failed=False, packages_skip_build_finished=False, packages_select_test_failures=False, packages_skip_test_passed=False, packages_select=None, packages_skip=None, packages_select_regex=None, packages_skip_regex=None, packages_start=None, packages_end=None, allow_overriding=[], cmake_args=None, cmake_target=None, cmake_target_skip_unavailable=False, cmake_clean_cache=False, cmake_clean_first=False, cmake_force_configure=False, ament_cmake_args=None, catkin_cmake_args=None, catkin_skip_building_tests=False, verb_parser=<colcon_defaults.argument_parser.defaults.DefaultArgumentsDecorator object at 0x771b29f68760>, verb_extension=<colcon_core.verb.build.BuildVerb object at 0x771b2a075c30>, main=<bound method BuildVerb.main of <colcon_core.verb.build.BuildVerb object at 0x771b2a075c30>>)
[0.170s] Level 1:colcon.colcon_core.package_discovery:discover_packages(colcon_meta) check parameters
[0.170s] Level 1:colcon.colcon_core.package_discovery:discover_packages(recursive) check parameters
[0.170s] Level 1:colcon.colcon_core.package_discovery:discover_packages(ignore) check parameters
[0.170s] Level 1:colcon.colcon_core.package_discovery:discover_packages(path) check parameters
[0.170s] Level 1:colcon.colcon_core.package_discovery:discover_packages(colcon_meta) discover
[0.170s] Level 1:colcon.colcon_core.package_discovery:discover_packages(recursive) discover
[0.170s] INFO:colcon.colcon_core.package_discovery:Crawling recursively for packages in '/home/wageh/test'
[0.170s] Level 1:colcon.colcon_core.package_identification:_identify(.) by extensions ['ignore', 'ignore_ament_install']
[0.170s] Level 1:colcon.colcon_core.package_identification:_identify(.) by extension 'ignore'
[0.170s] Level 1:colcon.colcon_core.package_identification:_identify(.) by extension 'ignore_ament_install'
[0.170s] Level 1:colcon.colcon_core.package_identification:_identify(.) by extensions ['colcon_pkg']
[0.170s] Level 1:colcon.colcon_core.package_identification:_identify(.) by extension 'colcon_pkg'
[0.170s] Level 1:colcon.colcon_core.package_identification:_identify(.) by extensions ['colcon_meta']
[0.170s] Level 1:colcon.colcon_core.package_identification:_identify(.) by extension 'colcon_meta'
[0.170s] Level 1:colcon.colcon_core.package_identification:_identify(.) by extensions ['ros']
[0.170s] Level 1:colcon.colcon_core.package_identification:_identify(.) by extension 'ros'
[0.180s] Level 1:colcon.colcon_core.package_identification:_identify(.) by extensions ['cmake', 'python']
[0.180s] Level 1:colcon.colcon_core.package_identification:_identify(.) by extension 'cmake'
[0.180s] Level 1:colcon.colcon_core.package_identification:_identify(.) by extension 'python'
[0.180s] Level 1:colcon.colcon_core.package_identification:_identify(.) by extensions ['python_setup_py']
[0.180s] Level 1:colcon.colcon_core.package_identification:_identify(.) by extension 'python_setup_py'
[0.180s] Level 1:colcon.colcon_core.package_identification:_identify(build) by extensions ['ignore', 'ignore_ament_install']
[0.180s] Level 1:colcon.colcon_core.package_identification:_identify(build) by extension 'ignore'
[0.180s] Level 1:colcon.colcon_core.package_identification:_identify(build) ignored
[0.180s] Level 1:colcon.colcon_core.package_identification:_identify(install) by extensions ['ignore', 'ignore_ament_install']
[0.180s] Level 1:colcon.colcon_core.package_identification:_identify(install) by extension 'ignore'
[0.181s] Level 1:colcon.colcon_core.package_identification:_identify(install) ignored
[0.181s] Level 1:colcon.colcon_core.package_identification:_identify(log) by extensions ['ignore', 'ignore_ament_install']
[0.181s] Level 1:colcon.colcon_core.package_identification:_identify(log) by extension 'ignore'
[0.181s] Level 1:colcon.colcon_core.package_identification:_identify(log) ignored
[0.181s] Level 1:colcon.colcon_core.package_identification:_identify(src) by extensions ['ignore', 'ignore_ament_install']
[0.181s] Level 1:colcon.colcon_core.package_identification:_identify(src) by extension 'ignore'
[0.181s] Level 1:colcon.colcon_core.package_identification:_identify(src) by extension 'ignore_ament_install'
[0.181s] Level 1:colcon.colcon_core.package_identification:_identify(src) by extensions ['colcon_pkg']
[0.181s] Level 1:colcon.colcon_core.package_identification:_identify(src) by extension 'colcon_pkg'
[0.181s] Level 1:colcon.colcon_core.package_identification:_identify(src) by extensions ['colcon_meta']
[0.181s] Level 1:colcon.colcon_core.package_identification:_identify(src) by extension 'colcon_meta'
[0.181s] Level 1:colcon.colcon_core.package_identification:_identify(src) by extensions ['ros']
[0.181s] Level 1:colcon.colcon_core.package_identification:_identify(src) by extension 'ros'
[0.181s] Level 1:colcon.colcon_core.package_identification:_identify(src) by extensions ['cmake', 'python']
[0.181s] Level 1:colcon.colcon_core.package_identification:_identify(src) by extension 'cmake'
[0.181s] Level 1:colcon.colcon_core.package_identification:_identify(src) by extension 'python'
[0.181s] Level 1:colcon.colcon_core.package_identification:_identify(src) by extensions ['python_setup_py']
[0.181s] Level 1:colcon.colcon_core.package_identification:_identify(src) by extension 'python_setup_py'
[0.181s] Level 1:colcon.colcon_core.package_identification:_identify(src/my_camera_package) by extensions ['ignore', 'ignore_ament_install']
[0.181s] Level 1:colcon.colcon_core.package_identification:_identify(src/my_camera_package) by extension 'ignore'
[0.181s] Level 1:colcon.colcon_core.package_identification:_identify(src/my_camera_package) by extension 'ignore_ament_install'
[0.181s] Level 1:colcon.colcon_core.package_identification:_identify(src/my_camera_package) by extensions ['colcon_pkg']
[0.181s] Level 1:colcon.colcon_core.package_identification:_identify(src/my_camera_package) by extension 'colcon_pkg'
[0.181s] Level 1:colcon.colcon_core.package_identification:_identify(src/my_camera_package) by extensions ['colcon_meta']
[0.181s] Level 1:colcon.colcon_core.package_identification:_identify(src/my_camera_package) by extension 'colcon_meta'
[0.181s] Level 1:colcon.colcon_core.package_identification:_identify(src/my_camera_package) by extensions ['ros']
[0.181s] Level 1:colcon.colcon_core.package_identification:_identify(src/my_camera_package) by extension 'ros'
[0.185s] DEBUG:colcon.colcon_core.package_identification:Package 'src/my_camera_package' with type 'ros.ament_python' and name 'my_camera_package'
[0.185s] Level 1:colcon.colcon_core.package_identification:_identify(src/my_laser_package) by extensions ['ignore', 'ignore_ament_install']
[0.185s] Level 1:colcon.colcon_core.package_identification:_identify(src/my_laser_package) by extension 'ignore'
[0.185s] Level 1:colcon.colcon_core.package_identification:_identify(src/my_laser_package) by extension 'ignore_ament_install'
[0.185s] Level 1:colcon.colcon_core.package_identification:_identify(src/my_laser_package) by extensions ['colcon_pkg']
[0.185s] Level 1:colcon.colcon_core.package_identification:_identify(src/my_laser_package) by extension 'colcon_pkg'
[0.185s] Level 1:colcon.colcon_core.package_identification:_identify(src/my_laser_package) by extensions ['colcon_meta']
[0.185s] Level 1:colcon.colcon_core.package_identification:_identify(src/my_laser_package) by extension 'colcon_meta'
[0.185s] Level 1:colcon.colcon_core.package_identification:_identify(src/my_laser_package) by extensions ['ros']
[0.185s] Level 1:colcon.colcon_core.package_identification:_identify(src/my_laser_package) by extension 'ros'
[0.186s] DEBUG:colcon.colcon_core.package_identification:Package 'src/my_laser_package' with type 'ros.ament_python' and name 'my_laser_package'
[0.186s] Level 1:colcon.colcon_core.package_identification:_identify(src/my_robot) by extensions ['ignore', 'ignore_ament_install']
[0.186s] Level 1:colcon.colcon_core.package_identification:_identify(src/my_robot) by extension 'ignore'
[0.186s] Level 1:colcon.colcon_core.package_identification:_identify(src/my_robot) by extension 'ignore_ament_install'
[0.186s] Level 1:colcon.colcon_core.package_identification:_identify(src/my_robot) by extensions ['colcon_pkg']
[0.186s] Level 1:colcon.colcon_core.package_identification:_identify(src/my_robot) by extension 'colcon_pkg'
[0.186s] Level 1:colcon.colcon_core.package_identification:_identify(src/my_robot) by extensions ['colcon_meta']
[0.186s] Level 1:colcon.colcon_core.package_identification:_identify(src/my_robot) by extension 'colcon_meta'
[0.186s] Level 1:colcon.colcon_core.package_identification:_identify(src/my_robot) by extensions ['ros']
[0.186s] Level 1:colcon.colcon_core.package_identification:_identify(src/my_robot) by extension 'ros'
[0.187s] DEBUG:colcon.colcon_core.package_identification:Package 'src/my_robot' with type 'ros.ament_python' and name 'test_work'
[0.187s] Level 1:colcon.colcon_core.package_identification:_identify(src/new_pkg) by extensions ['ignore', 'ignore_ament_install']
[0.187s] Level 1:colcon.colcon_core.package_identification:_identify(src/new_pkg) by extension 'ignore'
[0.187s] Level 1:colcon.colcon_core.package_identification:_identify(src/new_pkg) by extension 'ignore_ament_install'
[0.187s] Level 1:colcon.colcon_core.package_identification:_identify(src/new_pkg) by extensions ['colcon_pkg']
[0.187s] Level 1:colcon.colcon_core.package_identification:_identify(src/new_pkg) by extension 'colcon_pkg'
[0.187s] Level 1:colcon.colcon_core.package_identification:_identify(src/new_pkg) by extensions ['colcon_meta']
[0.187s] Level 1:colcon.colcon_core.package_identification:_identify(src/new_pkg) by extension 'colcon_meta'
[0.187s] Level 1:colcon.colcon_core.package_identification:_identify(src/new_pkg) by extensions ['ros']
[0.187s] Level 1:colcon.colcon_core.package_identification:_identify(src/new_pkg) by extension 'ros'
[0.187s] DEBUG:colcon.colcon_core.package_identification:Package 'src/new_pkg' with type 'ros.ament_python' and name 'new_pkg'
[0.188s] Level 1:colcon.colcon_core.package_discovery:discover_packages(recursive) using defaults
[0.188s] Level 1:colcon.colcon_core.package_discovery:discover_packages(ignore) discover
[0.188s] Level 1:colcon.colcon_core.package_discovery:discover_packages(ignore) using defaults
[0.188s] Level 1:colcon.colcon_core.package_discovery:discover_packages(path) discover
[0.188s] Level 1:colcon.colcon_core.package_discovery:discover_packages(path) using defaults
[0.215s] Level 1:colcon.colcon_core.package_discovery:discover_packages(prefix_path) check parameters
[0.215s] Level 1:colcon.colcon_core.package_discovery:discover_packages(prefix_path) discover
[0.218s] DEBUG:colcon.colcon_installed_package_information.package_discovery:Found 1 installed packages in /home/wageh/ros2_ws/install
[0.219s] DEBUG:colcon.colcon_installed_package_information.package_discovery:Found 296 installed packages in /opt/ros/humble
[0.219s] Level 1:colcon.colcon_core.package_discovery:discover_packages(prefix_path) using defaults
[0.242s] Level 5:colcon.colcon_core.verb:set package 'my_camera_package' build argument 'cmake_args' from command line to 'None'
[0.242s] Level 5:colcon.colcon_core.verb:set package 'my_camera_package' build argument 'cmake_target' from command line to 'None'
[0.242s] Level 5:colcon.colcon_core.verb:set package 'my_camera_package' build argument 'cmake_target_skip_unavailable' from command line to 'False'
[0.242s] Level 5:colcon.colcon_core.verb:set package 'my_camera_package' build argument 'cmake_clean_cache' from command line to 'False'
[0.242s] Level 5:colcon.colcon_core.verb:set package 'my_camera_package' build argument 'cmake_clean_first' from command line to 'False'
[0.242s] Level 5:colcon.colcon_core.verb:set package 'my_camera_package' build argument 'cmake_force_configure' from command line to 'False'
[0.242s] Level 5:colcon.colcon_core.verb:set package 'my_camera_package' build argument 'ament_cmake_args' from command line to 'None'
[0.242s] Level 5:colcon.colcon_core.verb:set package 'my_camera_package' build argument 'catkin_cmake_args' from command line to 'None'
[0.242s] Level 5:colcon.colcon_core.verb:set package 'my_camera_package' build argument 'catkin_skip_building_tests' from command line to 'False'
[0.242s] DEBUG:colcon.colcon_core.verb:Building package 'my_camera_package' with the following arguments: {'ament_cmake_args': None, 'build_base': '/home/wageh/test/build/my_camera_package', 'catkin_cmake_args': None, 'catkin_skip_building_tests': False, 'cmake_args': None, 'cmake_clean_cache': False, 'cmake_clean_first': False, 'cmake_force_configure': False, 'cmake_target': None, 'cmake_target_skip_unavailable': False, 'install_base': '/home/wageh/test/install/my_camera_package', 'merge_install': False, 'path': '/home/wageh/test/src/my_camera_package', 'symlink_install': False, 'test_result_base': None}
[0.243s] Level 5:colcon.colcon_core.verb:set package 'my_laser_package' build argument 'cmake_args' from command line to 'None'
[0.243s] Level 5:colcon.colcon_core.verb:set package 'my_laser_package' build argument 'cmake_target' from command line to 'None'
[0.243s] Level 5:colcon.colcon_core.verb:set package 'my_laser_package' build argument 'cmake_target_skip_unavailable' from command line to 'False'
[0.243s] Level 5:colcon.colcon_core.verb:set package 'my_laser_package' build argument 'cmake_clean_cache' from command line to 'False'
[0.243s] Level 5:colcon.colcon_core.verb:set package 'my_laser_package' build argument 'cmake_clean_first' from command line to 'False'
[0.243s] Level 5:colcon.colcon_core.verb:set package 'my_laser_package' build argument 'cmake_force_configure' from command line to 'False'
[0.243s] Level 5:colcon.colcon_core.verb:set package 'my_laser_package' build argument 'ament_cmake_args' from command line to 'None'
[0.243s] Level 5:colcon.colcon_core.verb:set package 'my_laser_package' build argument 'catkin_cmake_args' from command line to 'None'
[0.243s] Level 5:colcon.colcon_core.verb:set package 'my_laser_package' build argument 'catkin_skip_building_tests' from command line to 'False'
[0.243s] DEBUG:colcon.colcon_core.verb:Building package 'my_laser_package' with the following arguments: {'ament_cmake_args': None, 'build_base': '/home/wageh/test/build/my_laser_package', 'catkin_cmake_args': None, 'catkin_skip_building_tests': False, 'cmake_args': None, 'cmake_clean_cache': False, 'cmake_clean_first': False, 'cmake_force_configure': False, 'cmake_target': None, 'cmake_target_skip_unavailable': False, 'install_base': '/home/wageh/test/install/my_laser_package', 'merge_install': False, 'path': '/home/wageh/test/src/my_laser_package', 'symlink_install': False, 'test_result_base': None}
[0.243s] Level 5:colcon.colcon_core.verb:set package 'new_pkg' build argument 'cmake_args' from command line to 'None'
[0.243s] Level 5:colcon.colcon_core.verb:set package 'new_pkg' build argument 'cmake_target' from command line to 'None'
[0.243s] Level 5:colcon.colcon_core.verb:set package 'new_pkg' build argument 'cmake_target_skip_unavailable' from command line to 'False'
[0.243s] Level 5:colcon.colcon_core.verb:set package 'new_pkg' build argument 'cmake_clean_cache' from command line to 'False'
[0.243s] Level 5:colcon.colcon_core.verb:set package 'new_pkg' build argument 'cmake_clean_first' from command line to 'False'
[0.243s] Level 5:colcon.colcon_core.verb:set package 'new_pkg' build argument 'cmake_force_configure' from command line to 'False'
[0.243s] Level 5:colcon.colcon_core.verb:set package 'new_pkg' build argument 'ament_cmake_args' from command line to 'None'
[0.243s] Level 5:colcon.colcon_core.verb:set package 'new_pkg' build argument 'catkin_cmake_args' from command line to 'None'
[0.243s] Level 5:colcon.colcon_core.verb:set package 'new_pkg' build argument 'catkin_skip_building_tests' from command line to 'False'
[0.243s] DEBUG:colcon.colcon_core.verb:Building package 'new_pkg' with the following arguments: {'ament_cmake_args': None, 'build_base': '/home/wageh/test/build/new_pkg', 'catkin_cmake_args': None, 'catkin_skip_building_tests': False, 'cmake_args': None, 'cmake_clean_cache': False, 'cmake_clean_first': False, 'cmake_force_configure': False, 'cmake_target': None, 'cmake_target_skip_unavailable': False, 'install_base': '/home/wageh/test/install/new_pkg', 'merge_install': False, 'path': '/home/wageh/test/src/new_pkg', 'symlink_install': False, 'test_result_base': None}
[0.243s] Level 5:colcon.colcon_core.verb:set package 'test_work' build argument 'cmake_args' from command line to 'None'
[0.243s] Level 5:colcon.colcon_core.verb:set package 'test_work' build argument 'cmake_target' from command line to 'None'
[0.243s] Level 5:colcon.colcon_core.verb:set package 'test_work' build argument 'cmake_target_skip_unavailable' from command line to 'False'
[0.243s] Level 5:colcon.colcon_core.verb:set package 'test_work' build argument 'cmake_clean_cache' from command line to 'False'
[0.243s] Level 5:colcon.colcon_core.verb:set package 'test_work' build argument 'cmake_clean_first' from command line to 'False'
[0.243s] Level 5:colcon.colcon_core.verb:set package 'test_work' build argument 'cmake_force_configure' from command line to 'False'
[0.243s] Level 5:colcon.colcon_core.verb:set package 'test_work' build argument 'ament_cmake_args' from command line to 'None'
[0.243s] Level 5:colcon.colcon_core.verb:set package 'test_work' build argument 'catkin_cmake_args' from command line to 'None'
[0.243s] Level 5:colcon.colcon_core.verb:set package 'test_work' build argument 'catkin_skip_building_tests' from command line to 'False'
[0.243s] DEBUG:colcon.colcon_core.verb:Building package 'test_work' with the following arguments: {'ament_cmake_args': None, 'build_base': '/home/wageh/test/build/test_work', 'catkin_cmake_args': None, 'catkin_skip_building_tests': False, 'cmake_args': None, 'cmake_clean_cache': False, 'cmake_clean_first': False, 'cmake_force_configure': False, 'cmake_target': None, 'cmake_target_skip_unavailable': False, 'install_base': '/home/wageh/test/install/test_work', 'merge_install': False, 'path': '/home/wageh/test/src/my_robot', 'symlink_install': False, 'test_result_base': None}
[0.244s] INFO:colcon.colcon_core.executor:Executing jobs using 'parallel' executor
[0.244s] DEBUG:colcon.colcon_parallel_executor.executor.parallel:run_until_complete
[0.244s] INFO:colcon.colcon_ros.task.ament_python.build:Building ROS package in '/home/wageh/test/src/my_camera_package' with build type 'ament_python'
[0.245s] Level 1:colcon.colcon_core.shell:create_environment_hook('my_camera_package', 'ament_prefix_path')
[0.248s] INFO:colcon.colcon_core.plugin_system:Skipping extension 'colcon_core.shell.bat': Not used on non-Windows systems
[0.248s] INFO:colcon.colcon_core.shell:Creating environment hook '/home/wageh/test/install/my_camera_package/share/my_camera_package/hook/ament_prefix_path.ps1'
[0.249s] INFO:colcon.colcon_core.shell:Creating environment descriptor '/home/wageh/test/install/my_camera_package/share/my_camera_package/hook/ament_prefix_path.dsv'
[0.249s] INFO:colcon.colcon_core.shell:Creating environment hook '/home/wageh/test/install/my_camera_package/share/my_camera_package/hook/ament_prefix_path.sh'
[0.249s] INFO:colcon.colcon_core.shell:Skip shell extension 'powershell' for command environment: Not usable outside of PowerShell
[0.250s] DEBUG:colcon.colcon_core.shell:Skip shell extension 'dsv' for command environment
[0.251s] INFO:colcon.colcon_ros.task.ament_python.build:Building ROS package in '/home/wageh/test/src/my_laser_package' with build type 'ament_python'
[0.252s] Level 1:colcon.colcon_core.shell:create_environment_hook('my_laser_package', 'ament_prefix_path')
[0.252s] INFO:colcon.colcon_core.shell:Creating environment hook '/home/wageh/test/install/my_laser_package/share/my_laser_package/hook/ament_prefix_path.ps1'
[0.252s] INFO:colcon.colcon_core.shell:Creating environment descriptor '/home/wageh/test/install/my_laser_package/share/my_laser_package/hook/ament_prefix_path.dsv'
[0.252s] INFO:colcon.colcon_core.shell:Creating environment hook '/home/wageh/test/install/my_laser_package/share/my_laser_package/hook/ament_prefix_path.sh'
[0.253s] INFO:colcon.colcon_core.shell:Skip shell extension 'powershell' for command environment: Not usable outside of PowerShell
[0.253s] DEBUG:colcon.colcon_core.shell:Skip shell extension 'dsv' for command environment
[0.254s] INFO:colcon.colcon_ros.task.ament_python.build:Building ROS package in '/home/wageh/test/src/new_pkg' with build type 'ament_python'
[0.254s] Level 1:colcon.colcon_core.shell:create_environment_hook('new_pkg', 'ament_prefix_path')
[0.255s] INFO:colcon.colcon_core.shell:Creating environment hook '/home/wageh/test/install/new_pkg/share/new_pkg/hook/ament_prefix_path.ps1'
[0.255s] INFO:colcon.colcon_core.shell:Creating environment descriptor '/home/wageh/test/install/new_pkg/share/new_pkg/hook/ament_prefix_path.dsv'
[0.255s] INFO:colcon.colcon_core.shell:Creating environment hook '/home/wageh/test/install/new_pkg/share/new_pkg/hook/ament_prefix_path.sh'
[0.255s] INFO:colcon.colcon_core.shell:Skip shell extension 'powershell' for command environment: Not usable outside of PowerShell
[0.255s] DEBUG:colcon.colcon_core.shell:Skip shell extension 'dsv' for command environment
[0.257s] INFO:colcon.colcon_ros.task.ament_python.build:Building ROS package in '/home/wageh/test/src/my_robot' with build type 'ament_python'
[0.257s] Level 1:colcon.colcon_core.shell:create_environment_hook('test_work', 'ament_prefix_path')
[0.257s] INFO:colcon.colcon_core.shell:Creating environment hook '/home/wageh/test/install/test_work/share/test_work/hook/ament_prefix_path.ps1'
[0.258s] INFO:colcon.colcon_core.shell:Creating environment descriptor '/home/wageh/test/install/test_work/share/test_work/hook/ament_prefix_path.dsv'
[0.258s] INFO:colcon.colcon_core.shell:Creating environment hook '/home/wageh/test/install/test_work/share/test_work/hook/ament_prefix_path.sh'
[0.258s] INFO:colcon.colcon_core.shell:Skip shell extension 'powershell' for command environment: Not usable outside of PowerShell
[0.258s] DEBUG:colcon.colcon_core.shell:Skip shell extension 'dsv' for command environment
[0.381s] INFO:colcon.colcon_core.task.python.build:Building Python package in '/home/wageh/test/src/my_camera_package'
[0.381s] INFO:colcon.colcon_core.shell:Skip shell extension 'powershell' for command environment: Not usable outside of PowerShell
[0.381s] DEBUG:colcon.colcon_core.shell:Skip shell extension 'dsv' for command environment
[0.506s] INFO:colcon.colcon_core.task.python.build:Building Python package in '/home/wageh/test/src/my_laser_package'
[0.507s] INFO:colcon.colcon_core.shell:Skip shell extension 'powershell' for command environment: Not usable outside of PowerShell
[0.507s] DEBUG:colcon.colcon_core.shell:Skip shell extension 'dsv' for command environment
[0.616s] INFO:colcon.colcon_core.task.python.build:Building Python package in '/home/wageh/test/src/new_pkg'
[0.617s] INFO:colcon.colcon_core.shell:Skip shell extension 'powershell' for command environment: Not usable outside of PowerShell
[0.617s] DEBUG:colcon.colcon_core.shell:Skip shell extension 'dsv' for command environment
[0.735s] WARNING:colcon.colcon_ros.task.ament_python.build:Package 'test_work' doesn't explicitly install a marker in the package index (colcon-ros currently does it implicitly but that fallback will be removed in the future)
[0.736s] WARNING:colcon.colcon_ros.task.ament_python.build:Package 'test_work' doesn't explicitly install the 'package.xml' file (colcon-ros currently does it implicitly but that fallback will be removed in the future)
[0.736s] INFO:colcon.colcon_core.task.python.build:Building Python package in '/home/wageh/test/src/my_robot'
[0.736s] INFO:colcon.colcon_core.shell:Skip shell extension 'powershell' for command environment: Not usable outside of PowerShell
[0.736s] DEBUG:colcon.colcon_core.shell:Skip shell extension 'dsv' for command environment
[1.161s] DEBUG:colcon.colcon_core.event_handler.log_command:Invoking command in '/home/wageh/test/src/new_pkg': PYTHONPATH=/home/wageh/test/build/new_pkg/prefix_override:/usr/lib/python3/dist-packages/colcon_core/task/python/colcon_distutils_commands:/home/wageh/test/install/new_pkg/lib/python3.10/site-packages:${PYTHONPATH} /usr/bin/python3 -W ignore:setup.py install is deprecated -W ignore:easy_install command is deprecated setup.py egg_info --egg-base ../../build/new_pkg build --build-base /home/wageh/test/build/new_pkg/build install --record /home/wageh/test/build/new_pkg/install.log --single-version-externally-managed install_data
[1.164s] DEBUG:colcon.colcon_core.event_handler.log_command:Invoking command in '/home/wageh/test/src/my_robot': PYTHONPATH=/home/wageh/test/build/test_work/prefix_override:/usr/lib/python3/dist-packages/colcon_core/task/python/colcon_distutils_commands:/home/wageh/test/install/test_work/lib/python3.10/site-packages:${PYTHONPATH} /usr/bin/python3 -W ignore:setup.py install is deprecated -W ignore:easy_install command is deprecated setup.py egg_info --egg-base ../../build/test_work build --build-base /home/wageh/test/build/test_work/build install --record /home/wageh/test/build/test_work/install.log --single-version-externally-managed install_data
[1.166s] DEBUG:colcon.colcon_core.event_handler.log_command:Invoking command in '/home/wageh/test/src/my_camera_package': PYTHONPATH=/home/wageh/test/build/my_camera_package/prefix_override:/usr/lib/python3/dist-packages/colcon_core/task/python/colcon_distutils_commands:/home/wageh/test/install/my_camera_package/lib/python3.10/site-packages:${PYTHONPATH} /usr/bin/python3 -W ignore:setup.py install is deprecated -W ignore:easy_install command is deprecated setup.py egg_info --egg-base ../../build/my_camera_package build --build-base /home/wageh/test/build/my_camera_package/build install --record /home/wageh/test/build/my_camera_package/install.log --single-version-externally-managed install_data
[1.167s] DEBUG:colcon.colcon_core.event_handler.log_command:Invoking command in '/home/wageh/test/src/my_laser_package': PYTHONPATH=/home/wageh/test/build/my_laser_package/prefix_override:/usr/lib/python3/dist-packages/colcon_core/task/python/colcon_distutils_commands:/home/wageh/test/install/my_laser_package/lib/python3.10/site-packages:${PYTHONPATH} /usr/bin/python3 -W ignore:setup.py install is deprecated -W ignore:easy_install command is deprecated setup.py egg_info --egg-base ../../build/my_laser_package build --build-base /home/wageh/test/build/my_laser_package/build install --record /home/wageh/test/build/my_laser_package/install.log --single-version-externally-managed install_data
[1.433s] DEBUG:colcon.colcon_core.event_handler.log_command:Invoked command in '/home/wageh/test/src/new_pkg' returned '0': PYTHONPATH=/home/wageh/test/build/new_pkg/prefix_override:/usr/lib/python3/dist-packages/colcon_core/task/python/colcon_distutils_commands:/home/wageh/test/install/new_pkg/lib/python3.10/site-packages:${PYTHONPATH} /usr/bin/python3 -W ignore:setup.py install is deprecated -W ignore:easy_install command is deprecated setup.py egg_info --egg-base ../../build/new_pkg build --build-base /home/wageh/test/build/new_pkg/build install --record /home/wageh/test/build/new_pkg/install.log --single-version-externally-managed install_data
[1.438s] Level 1:colcon.colcon_core.environment:checking '/home/wageh/test/install/new_pkg' for CMake module files
[1.438s] Level 1:colcon.colcon_core.environment:checking '/home/wageh/test/install/new_pkg' for CMake config files
[1.439s] Level 1:colcon.colcon_core.environment:checking '/home/wageh/test/install/new_pkg/lib'
[1.439s] Level 1:colcon.colcon_core.environment:checking '/home/wageh/test/install/new_pkg/bin'
[1.439s] Level 1:colcon.colcon_core.environment:checking '/home/wageh/test/install/new_pkg/lib/pkgconfig/new_pkg.pc'
[1.439s] Level 1:colcon.colcon_core.environment:checking '/home/wageh/test/install/new_pkg/lib/python3.10/site-packages'
[1.439s] Level 1:colcon.colcon_core.shell:create_environment_hook('new_pkg', 'pythonpath')
[1.440s] INFO:colcon.colcon_core.shell:Creating environment hook '/home/wageh/test/install/new_pkg/share/new_pkg/hook/pythonpath.ps1'
[1.440s] INFO:colcon.colcon_core.shell:Creating environment descriptor '/home/wageh/test/install/new_pkg/share/new_pkg/hook/pythonpath.dsv'
[1.441s] INFO:colcon.colcon_core.shell:Creating environment hook '/home/wageh/test/install/new_pkg/share/new_pkg/hook/pythonpath.sh'
[1.441s] Level 1:colcon.colcon_core.environment:checking '/home/wageh/test/install/new_pkg/bin'
[1.441s] Level 1:colcon.colcon_core.environment:create_environment_scripts_only(new_pkg)
[1.441s] INFO:colcon.colcon_core.shell:Creating package script '/home/wageh/test/install/new_pkg/share/new_pkg/package.ps1'
[1.442s] INFO:colcon.colcon_core.shell:Creating package descriptor '/home/wageh/test/install/new_pkg/share/new_pkg/package.dsv'
[1.442s] INFO:colcon.colcon_core.shell:Creating package script '/home/wageh/test/install/new_pkg/share/new_pkg/package.sh'
[1.443s] INFO:colcon.colcon_core.shell:Creating package script '/home/wageh/test/install/new_pkg/share/new_pkg/package.bash'
[1.443s] INFO:colcon.colcon_core.shell:Creating package script '/home/wageh/test/install/new_pkg/share/new_pkg/package.zsh'
[1.444s] Level 1:colcon.colcon_core.environment:create_file_with_runtime_dependencies(/home/wageh/test/install/new_pkg/share/colcon-core/packages/new_pkg)
[1.445s] Level 1:colcon.colcon_core.environment:checking '/home/wageh/test/install/my_laser_package' for CMake module files
[1.446s] DEBUG:colcon.colcon_core.event_handler.log_command:Invoked command in '/home/wageh/test/src/my_laser_package' returned '0': PYTHONPATH=/home/wageh/test/build/my_laser_package/prefix_override:/usr/lib/python3/dist-packages/colcon_core/task/python/colcon_distutils_commands:/home/wageh/test/install/my_laser_package/lib/python3.10/site-packages:${PYTHONPATH} /usr/bin/python3 -W ignore:setup.py install is deprecated -W ignore:easy_install command is deprecated setup.py egg_info --egg-base ../../build/my_laser_package build --build-base /home/wageh/test/build/my_laser_package/build install --record /home/wageh/test/build/my_laser_package/install.log --single-version-externally-managed install_data
[1.446s] Level 1:colcon.colcon_core.environment:checking '/home/wageh/test/install/my_laser_package' for CMake config files
[1.446s] Level 1:colcon.colcon_core.environment:checking '/home/wageh/test/install/my_laser_package/lib'
[1.446s] Level 1:colcon.colcon_core.environment:checking '/home/wageh/test/install/my_laser_package/bin'
[1.446s] Level 1:colcon.colcon_core.environment:checking '/home/wageh/test/install/my_laser_package/lib/pkgconfig/my_laser_package.pc'
[1.447s] Level 1:colcon.colcon_core.environment:checking '/home/wageh/test/install/my_laser_package/lib/python3.10/site-packages'
[1.447s] Level 1:colcon.colcon_core.shell:create_environment_hook('my_laser_package', 'pythonpath')
[1.447s] INFO:colcon.colcon_core.shell:Creating environment hook '/home/wageh/test/install/my_laser_package/share/my_laser_package/hook/pythonpath.ps1'
[1.447s] INFO:colcon.colcon_core.shell:Creating environment descriptor '/home/wageh/test/install/my_laser_package/share/my_laser_package/hook/pythonpath.dsv'
[1.447s] INFO:colcon.colcon_core.shell:Creating environment hook '/home/wageh/test/install/my_laser_package/share/my_laser_package/hook/pythonpath.sh'
[1.448s] Level 1:colcon.colcon_core.environment:checking '/home/wageh/test/install/my_laser_package/bin'
[1.448s] Level 1:colcon.colcon_core.environment:create_environment_scripts_only(my_laser_package)
[1.448s] INFO:colcon.colcon_core.shell:Creating package script '/home/wageh/test/install/my_laser_package/share/my_laser_package/package.ps1'
[1.448s] INFO:colcon.colcon_core.shell:Creating package descriptor '/home/wageh/test/install/my_laser_package/share/my_laser_package/package.dsv'
[1.449s] INFO:colcon.colcon_core.shell:Creating package script '/home/wageh/test/install/my_laser_package/share/my_laser_package/package.sh'
[1.449s] INFO:colcon.colcon_core.shell:Creating package script '/home/wageh/test/install/my_laser_package/share/my_laser_package/package.bash'
[1.449s] INFO:colcon.colcon_core.shell:Creating package script '/home/wageh/test/install/my_laser_package/share/my_laser_package/package.zsh'
[1.449s] Level 1:colcon.colcon_core.environment:create_file_with_runtime_dependencies(/home/wageh/test/install/my_laser_package/share/colcon-core/packages/my_laser_package)
[1.449s] Level 1:colcon.colcon_core.environment:checking '/home/wageh/test/install/my_camera_package' for CMake module files
[1.450s] DEBUG:colcon.colcon_core.event_handler.log_command:Invoked command in '/home/wageh/test/src/my_camera_package' returned '0': PYTHONPATH=/home/wageh/test/build/my_camera_package/prefix_override:/usr/lib/python3/dist-packages/colcon_core/task/python/colcon_distutils_commands:/home/wageh/test/install/my_camera_package/lib/python3.10/site-packages:${PYTHONPATH} /usr/bin/python3 -W ignore:setup.py install is deprecated -W ignore:easy_install command is deprecated setup.py egg_info --egg-base ../../build/my_camera_package build --build-base /home/wageh/test/build/my_camera_package/build install --record /home/wageh/test/build/my_camera_package/install.log --single-version-externally-managed install_data
[1.450s] Level 1:colcon.colcon_core.environment:checking '/home/wageh/test/install/my_camera_package' for CMake config files
[1.450s] Level 1:colcon.colcon_core.environment:checking '/home/wageh/test/install/my_camera_package/lib'
[1.451s] Level 1:colcon.colcon_core.environment:checking '/home/wageh/test/install/my_camera_package/bin'
[1.451s] Level 1:colcon.colcon_core.environment:checking '/home/wageh/test/install/my_camera_package/lib/pkgconfig/my_camera_package.pc'
[1.451s] Level 1:colcon.colcon_core.environment:checking '/home/wageh/test/install/my_camera_package/lib/python3.10/site-packages'
[1.451s] Level 1:colcon.colcon_core.shell:create_environment_hook('my_camera_package', 'pythonpath')
[1.451s] INFO:colcon.colcon_core.shell:Creating environment hook '/home/wageh/test/install/my_camera_package/share/my_camera_package/hook/pythonpath.ps1'
[1.451s] INFO:colcon.colcon_core.shell:Creating environment descriptor '/home/wageh/test/install/my_camera_package/share/my_camera_package/hook/pythonpath.dsv'
[1.451s] INFO:colcon.colcon_core.shell:Creating environment hook '/home/wageh/test/install/my_camera_package/share/my_camera_package/hook/pythonpath.sh'
[1.452s] Level 1:colcon.colcon_core.environment:checking '/home/wageh/test/install/my_camera_package/bin'
[1.452s] Level 1:colcon.colcon_core.environment:create_environment_scripts_only(my_camera_package)
[1.452s] INFO:colcon.colcon_core.shell:Creating package script '/home/wageh/test/install/my_camera_package/share/my_camera_package/package.ps1'
[1.452s] INFO:colcon.colcon_core.shell:Creating package descriptor '/home/wageh/test/install/my_camera_package/share/my_camera_package/package.dsv'
[1.452s] INFO:colcon.colcon_core.shell:Creating package script '/home/wageh/test/install/my_camera_package/share/my_camera_package/package.sh'
[1.452s] INFO:colcon.colcon_core.shell:Creating package script '/home/wageh/test/install/my_camera_package/share/my_camera_package/package.bash'
[1.453s] INFO:colcon.colcon_core.shell:Creating package script '/home/wageh/test/install/my_camera_package/share/my_camera_package/package.zsh'
[1.453s] Level 1:colcon.colcon_core.environment:create_file_with_runtime_dependencies(/home/wageh/test/install/my_camera_package/share/colcon-core/packages/my_camera_package)
[1.458s] Level 1:colcon.colcon_core.environment:checking '/home/wageh/test/install/test_work' for CMake module files
[1.458s] DEBUG:colcon.colcon_core.event_handler.log_command:Invoked command in '/home/wageh/test/src/my_robot' returned '0': PYTHONPATH=/home/wageh/test/build/test_work/prefix_override:/usr/lib/python3/dist-packages/colcon_core/task/python/colcon_distutils_commands:/home/wageh/test/install/test_work/lib/python3.10/site-packages:${PYTHONPATH} /usr/bin/python3 -W ignore:setup.py install is deprecated -W ignore:easy_install command is deprecated setup.py egg_info --egg-base ../../build/test_work build --build-base /home/wageh/test/build/test_work/build install --record /home/wageh/test/build/test_work/install.log --single-version-externally-managed install_data
[1.459s] Level 1:colcon.colcon_core.environment:checking '/home/wageh/test/install/test_work' for CMake config files
[1.460s] Level 1:colcon.colcon_core.environment:checking '/home/wageh/test/install/test_work/lib'
[1.460s] Level 1:colcon.colcon_core.environment:checking '/home/wageh/test/install/test_work/bin'
[1.460s] Level 1:colcon.colcon_core.environment:checking '/home/wageh/test/install/test_work/lib/pkgconfig/test_work.pc'
[1.460s] Level 1:colcon.colcon_core.environment:checking '/home/wageh/test/install/test_work/lib/python3.10/site-packages'
[1.460s] Level 1:colcon.colcon_core.shell:create_environment_hook('test_work', 'pythonpath')
[1.460s] INFO:colcon.colcon_core.shell:Creating environment hook '/home/wageh/test/install/test_work/share/test_work/hook/pythonpath.ps1'
[1.460s] INFO:colcon.colcon_core.shell:Creating environment descriptor '/home/wageh/test/install/test_work/share/test_work/hook/pythonpath.dsv'
[1.460s] INFO:colcon.colcon_core.shell:Creating environment hook '/home/wageh/test/install/test_work/share/test_work/hook/pythonpath.sh'
[1.461s] Level 1:colcon.colcon_core.environment:checking '/home/wageh/test/install/test_work/bin'
[1.461s] Level 1:colcon.colcon_core.environment:create_environment_scripts_only(test_work)
[1.461s] INFO:colcon.colcon_core.shell:Creating package script '/home/wageh/test/install/test_work/share/test_work/package.ps1'
[1.461s] INFO:colcon.colcon_core.shell:Creating package descriptor '/home/wageh/test/install/test_work/share/test_work/package.dsv'
[1.461s] INFO:colcon.colcon_core.shell:Creating package script '/home/wageh/test/install/test_work/share/test_work/package.sh'
[1.462s] INFO:colcon.colcon_core.shell:Creating package script '/home/wageh/test/install/test_work/share/test_work/package.bash'
[1.462s] INFO:colcon.colcon_core.shell:Creating package script '/home/wageh/test/install/test_work/share/test_work/package.zsh'
[1.462s] Level 1:colcon.colcon_core.environment:create_file_with_runtime_dependencies(/home/wageh/test/install/test_work/share/colcon-core/packages/test_work)
[1.462s] DEBUG:colcon.colcon_parallel_executor.executor.parallel:closing loop
[1.462s] DEBUG:colcon.colcon_parallel_executor.executor.parallel:loop closed
[1.462s] DEBUG:colcon.colcon_parallel_executor.executor.parallel:run_until_complete finished with '0'
[1.462s] DEBUG:colcon.colcon_core.event_reactor:joining thread
[1.466s] INFO:colcon.colcon_core.plugin_system:Skipping extension 'colcon_notification.desktop_notification.terminal_notifier': Not used on non-Darwin systems
[1.466s] INFO:colcon.colcon_core.plugin_system:Skipping extension 'colcon_notification.desktop_notification.win32': Not used on non-Windows systems
[1.466s] INFO:colcon.colcon_notification.desktop_notification:Sending desktop notification using 'notify2'
[1.480s] DEBUG:colcon.colcon_core.event_reactor:joined thread
[1.480s] INFO:colcon.colcon_core.shell:Creating prefix script '/home/wageh/test/install/local_setup.ps1'
[1.481s] INFO:colcon.colcon_core.shell:Creating prefix util module '/home/wageh/test/install/_local_setup_util_ps1.py'
[1.482s] INFO:colcon.colcon_core.shell:Creating prefix chain script '/home/wageh/test/install/setup.ps1'
[1.482s] INFO:colcon.colcon_core.shell:Creating prefix script '/home/wageh/test/install/local_setup.sh'
[1.483s] INFO:colcon.colcon_core.shell:Creating prefix util module '/home/wageh/test/install/_local_setup_util_sh.py'
[1.483s] INFO:colcon.colcon_core.shell:Creating prefix chain script '/home/wageh/test/install/setup.sh'
[1.484s] INFO:colcon.colcon_core.shell:Creating prefix script '/home/wageh/test/install/local_setup.bash'
[1.484s] INFO:colcon.colcon_core.shell:Creating prefix chain script '/home/wageh/test/install/setup.bash'
[1.485s] INFO:colcon.colcon_core.shell:Creating prefix script '/home/wageh/test/install/local_setup.zsh'
[1.485s] INFO:colcon.colcon_core.shell:Creating prefix chain script '/home/wageh/test/install/setup.zsh'
