[1.437s] Invoking command in '/home/wageh/test/src/my_camera_package': PYTHONPATH=/home/wageh/test/build/my_camera_package/prefix_override:/usr/lib/python3/dist-packages/colcon_core/task/python/colcon_distutils_commands:/home/wageh/test/install/my_camera_package/lib/python3.10/site-packages:${PYTHONPATH} /usr/bin/python3 -W ignore:setup.py install is deprecated -W ignore:easy_install command is deprecated setup.py egg_info --egg-base ../../build/my_camera_package build --build-base /home/wageh/test/build/my_camera_package/build install --record /home/wageh/test/build/my_camera_package/install.log --single-version-externally-managed install_data
[1.657s] /home/wageh/.local/lib/python3.10/site-packages/setuptools/_distutils/dist.py:261: UserWarning: Unknown distribution option: 'tests_require'
[1.657s]   warnings.warn(msg)
[1.780s] running egg_info
[1.793s] writing ../../build/my_camera_package/my_camera_package.egg-info/PKG-INFO
[1.793s] writing dependency_links to ../../build/my_camera_package/my_camera_package.egg-info/dependency_links.txt
[1.793s] writing entry points to ../../build/my_camera_package/my_camera_package.egg-info/entry_points.txt
[1.794s] writing requirements to ../../build/my_camera_package/my_camera_package.egg-info/requires.txt
[1.794s] writing top-level names to ../../build/my_camera_package/my_camera_package.egg-info/top_level.txt
[1.824s] reading manifest file '../../build/my_camera_package/my_camera_package.egg-info/SOURCES.txt'
[1.827s] writing manifest file '../../build/my_camera_package/my_camera_package.egg-info/SOURCES.txt'
[1.827s] running build
[1.828s] running build_py
[1.828s] copying my_camera_package/camera_node.py -> /home/wageh/test/build/my_camera_package/build/lib/my_camera_package
[1.828s] copying my_camera_package/__init__.py -> /home/wageh/test/build/my_camera_package/build/lib/my_camera_package
[1.828s] running install
[1.833s] running install_lib
[1.847s] running install_data
[1.848s] copying resource/my_camera_package -> /home/wageh/test/install/my_camera_package/share/ament_index/resource_index/packages
[1.848s] copying package.xml -> /home/wageh/test/install/my_camera_package/share/my_camera_package
[1.848s] running install_egg_info
[1.864s] removing '/home/wageh/test/install/my_camera_package/lib/python3.10/site-packages/my_camera_package-0.0.0-py3.10.egg-info' (and everything under it)
[1.864s] Copying ../../build/my_camera_package/my_camera_package.egg-info to /home/wageh/test/install/my_camera_package/lib/python3.10/site-packages/my_camera_package-0.0.0-py3.10.egg-info
[1.865s] running install_scripts
[2.005s] Installing camera_node script to /home/wageh/test/install/my_camera_package/lib/my_camera_package
[2.005s] writing list of installed files to '/home/wageh/test/build/my_camera_package/install.log'
[2.100s] Invoked command in '/home/wageh/test/src/my_camera_package' returned '0': PYTHONPATH=/home/wageh/test/build/my_camera_package/prefix_override:/usr/lib/python3/dist-packages/colcon_core/task/python/colcon_distutils_commands:/home/wageh/test/install/my_camera_package/lib/python3.10/site-packages:${PYTHONPATH} /usr/bin/python3 -W ignore:setup.py install is deprecated -W ignore:easy_install command is deprecated setup.py egg_info --egg-base ../../build/my_camera_package build --build-base /home/wageh/test/build/my_camera_package/build install --record /home/wageh/test/build/my_camera_package/install.log --single-version-externally-managed install_data
