[0.621s] Invoking command in '/home/wageh/test/src/my_laser_package': PYTHONPATH=/home/wageh/test/build/my_laser_package/prefix_override:/usr/lib/python3/dist-packages/colcon_core/task/python/colcon_distutils_commands:/home/wageh/test/install/my_laser_package/lib/python3.10/site-packages:${PYTHONPATH} /usr/bin/python3 -W ignore:setup.py install is deprecated -W ignore:easy_install command is deprecated setup.py egg_info --egg-base ../../build/my_laser_package build --build-base /home/wageh/test/build/my_laser_package/build install --record /home/wageh/test/build/my_laser_package/install.log --single-version-externally-managed install_data
[0.714s] /home/wageh/.local/lib/python3.10/site-packages/setuptools/_distutils/dist.py:261: UserWarning: Unknown distribution option: 'tests_require'
[0.714s]   warnings.warn(msg)
[0.758s] running egg_info
[0.764s] creating ../../build/my_laser_package/my_laser_package.egg-info
[0.764s] writing ../../build/my_laser_package/my_laser_package.egg-info/PKG-INFO
[0.765s] writing dependency_links to ../../build/my_laser_package/my_laser_package.egg-info/dependency_links.txt
[0.765s] writing entry points to ../../build/my_laser_package/my_laser_package.egg-info/entry_points.txt
[0.765s] writing requirements to ../../build/my_laser_package/my_laser_package.egg-info/requires.txt
[0.765s] writing top-level names to ../../build/my_laser_package/my_laser_package.egg-info/top_level.txt
[0.765s] writing manifest file '../../build/my_laser_package/my_laser_package.egg-info/SOURCES.txt'
[0.780s] reading manifest file '../../build/my_laser_package/my_laser_package.egg-info/SOURCES.txt'
[0.781s] writing manifest file '../../build/my_laser_package/my_laser_package.egg-info/SOURCES.txt'
[0.781s] running build
[0.781s] running build_py
[0.781s] creating /home/wageh/test/build/my_laser_package/build/lib/my_laser_package
[0.781s] copying my_laser_package/lider_node.py -> /home/wageh/test/build/my_laser_package/build/lib/my_laser_package
[0.781s] copying my_laser_package/__init__.py -> /home/wageh/test/build/my_laser_package/build/lib/my_laser_package
[0.781s] running install
[0.784s] running install_lib
[0.791s] creating /home/wageh/test/install/my_laser_package/lib/python3.10/site-packages/my_laser_package
[0.791s] copying /home/wageh/test/build/my_laser_package/build/lib/my_laser_package/lider_node.py -> /home/wageh/test/install/my_laser_package/lib/python3.10/site-packages/my_laser_package
[0.791s] copying /home/wageh/test/build/my_laser_package/build/lib/my_laser_package/__init__.py -> /home/wageh/test/install/my_laser_package/lib/python3.10/site-packages/my_laser_package
[0.791s] byte-compiling /home/wageh/test/install/my_laser_package/lib/python3.10/site-packages/my_laser_package/lider_node.py to lider_node.cpython-310.pyc
[0.792s] byte-compiling /home/wageh/test/install/my_laser_package/lib/python3.10/site-packages/my_laser_package/__init__.py to __init__.cpython-310.pyc
[0.792s] running install_data
[0.792s] creating /home/wageh/test/install/my_laser_package/share/ament_index/resource_index/packages
[0.792s] copying resource/my_laser_package -> /home/wageh/test/install/my_laser_package/share/ament_index/resource_index/packages
[0.792s] copying package.xml -> /home/wageh/test/install/my_laser_package/share/my_laser_package
[0.792s] running install_egg_info
[0.800s] Copying ../../build/my_laser_package/my_laser_package.egg-info to /home/wageh/test/install/my_laser_package/lib/python3.10/site-packages/my_laser_package-0.0.0-py3.10.egg-info
[0.800s] running install_scripts
[0.865s] Installing lider_node script to /home/wageh/test/install/my_laser_package/lib/my_laser_package
[0.865s] writing list of installed files to '/home/wageh/test/build/my_laser_package/install.log'
[0.892s] Invoked command in '/home/wageh/test/src/my_laser_package' returned '0': PYTHONPATH=/home/wageh/test/build/my_laser_package/prefix_override:/usr/lib/python3/dist-packages/colcon_core/task/python/colcon_distutils_commands:/home/wageh/test/install/my_laser_package/lib/python3.10/site-packages:${PYTHONPATH} /usr/bin/python3 -W ignore:setup.py install is deprecated -W ignore:easy_install command is deprecated setup.py egg_info --egg-base ../../build/my_laser_package build --build-base /home/wageh/test/build/my_laser_package/build install --record /home/wageh/test/build/my_laser_package/install.log --single-version-externally-managed install_data
