[0.764s] Invoking command in '/home/wageh/test/src/my_camera_package': PYTHONPATH=/home/wageh/test/build/my_camera_package/prefix_override:/usr/lib/python3/dist-packages/colcon_core/task/python/colcon_distutils_commands:/home/wageh/test/install/my_camera_package/lib/python3.10/site-packages:${PYTHONPATH} /usr/bin/python3 -W ignore:setup.py install is deprecated -W ignore:easy_install command is deprecated setup.py egg_info --egg-base ../../build/my_camera_package build --build-base /home/wageh/test/build/my_camera_package/build install --record /home/wageh/test/build/my_camera_package/install.log --single-version-externally-managed install_data
[0.850s] /home/wageh/.local/lib/python3.10/site-packages/setuptools/_distutils/dist.py:261: UserWarning: Unknown distribution option: 'tests_require'
[0.850s]   warnings.warn(msg)
[0.896s] running egg_info
[0.902s] writing ../../build/my_camera_package/my_camera_package.egg-info/PKG-INFO
[0.902s] writing dependency_links to ../../build/my_camera_package/my_camera_package.egg-info/dependency_links.txt
[0.903s] writing entry points to ../../build/my_camera_package/my_camera_package.egg-info/entry_points.txt
[0.903s] writing requirements to ../../build/my_camera_package/my_camera_package.egg-info/requires.txt
[0.903s] writing top-level names to ../../build/my_camera_package/my_camera_package.egg-info/top_level.txt
[0.918s] reading manifest file '../../build/my_camera_package/my_camera_package.egg-info/SOURCES.txt'
[0.919s] writing manifest file '../../build/my_camera_package/my_camera_package.egg-info/SOURCES.txt'
[0.919s] running build
[0.919s] running build_py
[0.920s] copying my_camera_package/camera_node.py -> /home/wageh/test/build/my_camera_package/build/lib/my_camera_package
[0.920s] copying my_camera_package/__init__.py -> /home/wageh/test/build/my_camera_package/build/lib/my_camera_package
[0.920s] running install
[0.923s] running install_lib
[0.931s] running install_data
[0.932s] copying resource/my_camera_package -> /home/wageh/test/install/my_camera_package/share/ament_index/resource_index/packages
[0.932s] copying package.xml -> /home/wageh/test/install/my_camera_package/share/my_camera_package
[0.932s] running install_egg_info
[0.940s] removing '/home/wageh/test/install/my_camera_package/lib/python3.10/site-packages/my_camera_package-0.0.0-py3.10.egg-info' (and everything under it)
[0.940s] Copying ../../build/my_camera_package/my_camera_package.egg-info to /home/wageh/test/install/my_camera_package/lib/python3.10/site-packages/my_camera_package-0.0.0-py3.10.egg-info
[0.941s] running install_scripts
[1.004s] Installing camera_node script to /home/wageh/test/install/my_camera_package/lib/my_camera_package
[1.005s] writing list of installed files to '/home/wageh/test/build/my_camera_package/install.log'
[1.034s] Invoked command in '/home/wageh/test/src/my_camera_package' returned '0': PYTHONPATH=/home/wageh/test/build/my_camera_package/prefix_override:/usr/lib/python3/dist-packages/colcon_core/task/python/colcon_distutils_commands:/home/wageh/test/install/my_camera_package/lib/python3.10/site-packages:${PYTHONPATH} /usr/bin/python3 -W ignore:setup.py install is deprecated -W ignore:easy_install command is deprecated setup.py egg_info --egg-base ../../build/my_camera_package build --build-base /home/wageh/test/build/my_camera_package/build install --record /home/wageh/test/build/my_camera_package/install.log --single-version-externally-managed install_data
