/home/wageh/test/install/my_robot/lib/python3.10/site-packages/my_robot/__init__.py
/home/wageh/test/install/my_robot/lib/python3.10/site-packages/my_robot/__pycache__/__init__.cpython-310.pyc
/home/wageh/test/install/my_robot/share/ament_index/resource_index/packages/my_robot
/home/wageh/test/install/my_robot/share/my_robot/package.xml
/home/wageh/test/install/my_robot/share/my_robot/gz_simulator_launch.py
/home/wageh/test/install/my_robot/share/my_robot/launch.py
/home/wageh/test/install/my_robot/share/my_robot/urdf/Assem1.urdf
/home/wageh/test/install/my_robot/share/my_robot/world/depot.sdf
/home/wageh/test/install/my_robot/share/my_robot/rviz
/home/wageh/test/install/my_robot/share/my_robot/meshes/collision/tire4.STL
/home/wageh/test/install/my_robot/share/my_robot/meshes/collision/camera.STL
/home/wageh/test/install/my_robot/share/my_robot/meshes/collision/lider.STL
/home/wageh/test/install/my_robot/share/my_robot/meshes/collision/tire1.STL
/home/wageh/test/install/my_robot/share/my_robot/meshes/collision/tire3.STL
/home/wageh/test/install/my_robot/share/my_robot/meshes/collision/base_link.STL
/home/wageh/test/install/my_robot/share/my_robot/meshes/collision/tire2.STL
/home/wageh/test/install/my_robot/share/my_robot/meshes/visual/tire4.STL
/home/wageh/test/install/my_robot/share/my_robot/meshes/visual/camera.STL
/home/wageh/test/install/my_robot/share/my_robot/meshes/visual/lider.STL
/home/wageh/test/install/my_robot/share/my_robot/meshes/visual/tire1.STL
/home/wageh/test/install/my_robot/share/my_robot/meshes/visual/tire3.STL
/home/wageh/test/install/my_robot/share/my_robot/meshes/visual/base_link.STL
/home/wageh/test/install/my_robot/share/my_robot/meshes/visual/tire2.STL
/home/wageh/test/install/my_robot/lib/python3.10/site-packages/my_robot-0.0.0-py3.10.egg-info/PKG-INFO
/home/wageh/test/install/my_robot/lib/python3.10/site-packages/my_robot-0.0.0-py3.10.egg-info/requires.txt
/home/wageh/test/install/my_robot/lib/python3.10/site-packages/my_robot-0.0.0-py3.10.egg-info/dependency_links.txt
/home/wageh/test/install/my_robot/lib/python3.10/site-packages/my_robot-0.0.0-py3.10.egg-info/top_level.txt
/home/wageh/test/install/my_robot/lib/python3.10/site-packages/my_robot-0.0.0-py3.10.egg-info/SOURCES.txt
/home/wageh/test/install/my_robot/lib/python3.10/site-packages/my_robot-0.0.0-py3.10.egg-info/zip-safe
