/home/wageh/test/install/new_pkg/lib/python3.10/site-packages/new_pkg/__init__.py
/home/wageh/test/install/new_pkg/lib/python3.10/site-packages/new_pkg/__pycache__/__init__.cpython-310.pyc
/home/wageh/test/install/new_pkg/share/ament_index/resource_index/packages/new_pkg
/home/wageh/test/install/new_pkg/share/new_pkg/package.xml
/home/wageh/test/install/new_pkg/share/new_pkg/gz_simulator_launch.py
/home/wageh/test/install/new_pkg/share/new_pkg/launch.py
/home/wageh/test/install/new_pkg/share/new_pkg/urdf/Assem1.urdf
/home/wageh/test/install/new_pkg/share/new_pkg/world/depot.sdf
/home/wageh/test/install/new_pkg/share/new_pkg/rviz
/home/wageh/test/install/new_pkg/share/new_pkg/meshes/collision/tire4.STL
/home/wageh/test/install/new_pkg/share/new_pkg/meshes/collision/camera.STL
/home/wageh/test/install/new_pkg/share/new_pkg/meshes/collision/lider.STL
/home/wageh/test/install/new_pkg/share/new_pkg/meshes/collision/tire1.STL
/home/wageh/test/install/new_pkg/share/new_pkg/meshes/collision/tire3.STL
/home/wageh/test/install/new_pkg/share/new_pkg/meshes/collision/base_link.STL
/home/wageh/test/install/new_pkg/share/new_pkg/meshes/collision/tire2.STL
/home/wageh/test/install/new_pkg/share/new_pkg/meshes/visual/tire4.STL
/home/wageh/test/install/new_pkg/share/new_pkg/meshes/visual/camera.STL
/home/wageh/test/install/new_pkg/share/new_pkg/meshes/visual/lider.STL
/home/wageh/test/install/new_pkg/share/new_pkg/meshes/visual/tire1.STL
/home/wageh/test/install/new_pkg/share/new_pkg/meshes/visual/tire3.STL
/home/wageh/test/install/new_pkg/share/new_pkg/meshes/visual/base_link.STL
/home/wageh/test/install/new_pkg/share/new_pkg/meshes/visual/tire2.STL
/home/wageh/test/install/new_pkg/lib/python3.10/site-packages/new_pkg-0.0.0-py3.10.egg-info/PKG-INFO
/home/wageh/test/install/new_pkg/lib/python3.10/site-packages/new_pkg-0.0.0-py3.10.egg-info/requires.txt
/home/wageh/test/install/new_pkg/lib/python3.10/site-packages/new_pkg-0.0.0-py3.10.egg-info/dependency_links.txt
/home/wageh/test/install/new_pkg/lib/python3.10/site-packages/new_pkg-0.0.0-py3.10.egg-info/top_level.txt
/home/wageh/test/install/new_pkg/lib/python3.10/site-packages/new_pkg-0.0.0-py3.10.egg-info/SOURCES.txt
/home/wageh/test/install/new_pkg/lib/python3.10/site-packages/new_pkg-0.0.0-py3.10.egg-info/zip-safe
