running egg_info
writing ../../build/new_pkg/new_pkg.egg-info/PKG-INFO
writing dependency_links to ../../build/new_pkg/new_pkg.egg-info/dependency_links.txt
writing requirements to ../../build/new_pkg/new_pkg.egg-info/requires.txt
writing top-level names to ../../build/new_pkg/new_pkg.egg-info/top_level.txt
reading manifest file '../../build/new_pkg/new_pkg.egg-info/SOURCES.txt'
writing manifest file '../../build/new_pkg/new_pkg.egg-info/SOURCES.txt'
running build
running build_py
copying new_pkg/__init__.py -> /home/wageh/test/build/new_pkg/build/lib/new_pkg
running install
running install_lib
running install_data
copying resource/new_pkg -> /home/wageh/test/install/new_pkg/share/ament_index/resource_index/packages
copying package.xml -> /home/wageh/test/install/new_pkg/share/new_pkg
copying launch/gz_simulator_launch.py -> /home/wageh/test/install/new_pkg/share/new_pkg
copying launch/launch.py -> /home/wageh/test/install/new_pkg/share/new_pkg
creating /home/wageh/test/install/new_pkg/share/new_pkg/urdf
copying urdf/Assem1.urdf -> /home/wageh/test/install/new_pkg/share/new_pkg/urdf
creating /home/wageh/test/install/new_pkg/share/new_pkg/world
copying world/depot.sdf -> /home/wageh/test/install/new_pkg/share/new_pkg/world
creating /home/wageh/test/install/new_pkg/share/new_pkg/rviz
creating /home/wageh/test/install/new_pkg/share/new_pkg/meshes/collision
copying meshes/collision/tire4.STL -> /home/wageh/test/install/new_pkg/share/new_pkg/meshes/collision
copying meshes/collision/camera.STL -> /home/wageh/test/install/new_pkg/share/new_pkg/meshes/collision
copying meshes/collision/lider.STL -> /home/wageh/test/install/new_pkg/share/new_pkg/meshes/collision
copying meshes/collision/tire1.STL -> /home/wageh/test/install/new_pkg/share/new_pkg/meshes/collision
copying meshes/collision/tire3.STL -> /home/wageh/test/install/new_pkg/share/new_pkg/meshes/collision
copying meshes/collision/base_link.STL -> /home/wageh/test/install/new_pkg/share/new_pkg/meshes/collision
copying meshes/collision/tire2.STL -> /home/wageh/test/install/new_pkg/share/new_pkg/meshes/collision
creating /home/wageh/test/install/new_pkg/share/new_pkg/meshes/visual
copying meshes/visual/tire4.STL -> /home/wageh/test/install/new_pkg/share/new_pkg/meshes/visual
copying meshes/visual/camera.STL -> /home/wageh/test/install/new_pkg/share/new_pkg/meshes/visual
copying meshes/visual/lider.STL -> /home/wageh/test/install/new_pkg/share/new_pkg/meshes/visual
copying meshes/visual/tire1.STL -> /home/wageh/test/install/new_pkg/share/new_pkg/meshes/visual
copying meshes/visual/tire3.STL -> /home/wageh/test/install/new_pkg/share/new_pkg/meshes/visual
copying meshes/visual/base_link.STL -> /home/wageh/test/install/new_pkg/share/new_pkg/meshes/visual
copying meshes/visual/tire2.STL -> /home/wageh/test/install/new_pkg/share/new_pkg/meshes/visual
running install_egg_info
removing '/home/wageh/test/install/new_pkg/lib/python3.10/site-packages/new_pkg-0.0.0-py3.10.egg-info' (and everything under it)
Copying ../../build/new_pkg/new_pkg.egg-info to /home/wageh/test/install/new_pkg/lib/python3.10/site-packages/new_pkg-0.0.0-py3.10.egg-info
running install_scripts
writing list of installed files to '/home/wageh/test/build/new_pkg/install.log'
