[0.752s] Invoking command in '/home/wageh/test/src/new_pkg': PYTHONPATH=/home/wageh/test/build/new_pkg/prefix_override:/usr/lib/python3/dist-packages/colcon_core/task/python/colcon_distutils_commands:/home/wageh/test/install/new_pkg/lib/python3.10/site-packages:${PYTHONPATH} /usr/bin/python3 -W ignore:setup.py install is deprecated -W ignore:easy_install command is deprecated setup.py egg_info --egg-base ../../build/new_pkg build --build-base /home/wageh/test/build/new_pkg/build install --record /home/wageh/test/build/new_pkg/install.log --single-version-externally-managed install_data
[0.845s] /home/wageh/.local/lib/python3.10/site-packages/setuptools/_distutils/dist.py:261: UserWarning: Unknown distribution option: 'tests_require'
[0.845s]   warnings.warn(msg)
[0.889s] running egg_info
[0.897s] writing ../../build/new_pkg/new_pkg.egg-info/PKG-INFO
[0.897s] writing dependency_links to ../../build/new_pkg/new_pkg.egg-info/dependency_links.txt
[0.897s] writing requirements to ../../build/new_pkg/new_pkg.egg-info/requires.txt
[0.897s] writing top-level names to ../../build/new_pkg/new_pkg.egg-info/top_level.txt
[0.912s] reading manifest file '../../build/new_pkg/new_pkg.egg-info/SOURCES.txt'
[0.913s] writing manifest file '../../build/new_pkg/new_pkg.egg-info/SOURCES.txt'
[0.913s] running build
[0.913s] running build_py
[0.913s] copying new_pkg/__init__.py -> /home/wageh/test/build/new_pkg/build/lib/new_pkg
[0.913s] running install
[0.916s] running install_lib
[0.924s] running install_data
[0.924s] copying resource/new_pkg -> /home/wageh/test/install/new_pkg/share/ament_index/resource_index/packages
[0.924s] copying package.xml -> /home/wageh/test/install/new_pkg/share/new_pkg
[0.924s] copying launch/gz_simulator_launch.py -> /home/wageh/test/install/new_pkg/share/new_pkg
[0.924s] copying launch/launch.py -> /home/wageh/test/install/new_pkg/share/new_pkg
[0.924s] creating /home/wageh/test/install/new_pkg/share/new_pkg/urdf
[0.924s] copying urdf/Assem1.urdf -> /home/wageh/test/install/new_pkg/share/new_pkg/urdf
[0.924s] creating /home/wageh/test/install/new_pkg/share/new_pkg/world
[0.924s] copying world/depot.sdf -> /home/wageh/test/install/new_pkg/share/new_pkg/world
[0.925s] creating /home/wageh/test/install/new_pkg/share/new_pkg/rviz
[0.925s] creating /home/wageh/test/install/new_pkg/share/new_pkg/meshes/collision
[0.925s] copying meshes/collision/tire4.STL -> /home/wageh/test/install/new_pkg/share/new_pkg/meshes/collision
[0.925s] copying meshes/collision/camera.STL -> /home/wageh/test/install/new_pkg/share/new_pkg/meshes/collision
[0.926s] copying meshes/collision/lider.STL -> /home/wageh/test/install/new_pkg/share/new_pkg/meshes/collision
[0.926s] copying meshes/collision/tire1.STL -> /home/wageh/test/install/new_pkg/share/new_pkg/meshes/collision
[0.926s] copying meshes/collision/tire3.STL -> /home/wageh/test/install/new_pkg/share/new_pkg/meshes/collision
[0.926s] copying meshes/collision/base_link.STL -> /home/wageh/test/install/new_pkg/share/new_pkg/meshes/collision
[0.926s] copying meshes/collision/tire2.STL -> /home/wageh/test/install/new_pkg/share/new_pkg/meshes/collision
[0.926s] creating /home/wageh/test/install/new_pkg/share/new_pkg/meshes/visual
[0.926s] copying meshes/visual/tire4.STL -> /home/wageh/test/install/new_pkg/share/new_pkg/meshes/visual
[0.926s] copying meshes/visual/camera.STL -> /home/wageh/test/install/new_pkg/share/new_pkg/meshes/visual
[0.927s] copying meshes/visual/lider.STL -> /home/wageh/test/install/new_pkg/share/new_pkg/meshes/visual
[0.927s] copying meshes/visual/tire1.STL -> /home/wageh/test/install/new_pkg/share/new_pkg/meshes/visual
[0.927s] copying meshes/visual/tire3.STL -> /home/wageh/test/install/new_pkg/share/new_pkg/meshes/visual
[0.927s] copying meshes/visual/base_link.STL -> /home/wageh/test/install/new_pkg/share/new_pkg/meshes/visual
[0.928s] copying meshes/visual/tire2.STL -> /home/wageh/test/install/new_pkg/share/new_pkg/meshes/visual
[0.928s] running install_egg_info
[0.936s] removing '/home/wageh/test/install/new_pkg/lib/python3.10/site-packages/new_pkg-0.0.0-py3.10.egg-info' (and everything under it)
[0.936s] Copying ../../build/new_pkg/new_pkg.egg-info to /home/wageh/test/install/new_pkg/lib/python3.10/site-packages/new_pkg-0.0.0-py3.10.egg-info
[0.937s] running install_scripts
[1.001s] writing list of installed files to '/home/wageh/test/build/new_pkg/install.log'
[1.032s] Invoked command in '/home/wageh/test/src/new_pkg' returned '0': PYTHONPATH=/home/wageh/test/build/new_pkg/prefix_override:/usr/lib/python3/dist-packages/colcon_core/task/python/colcon_distutils_commands:/home/wageh/test/install/new_pkg/lib/python3.10/site-packages:${PYTHONPATH} /usr/bin/python3 -W ignore:setup.py install is deprecated -W ignore:easy_install command is deprecated setup.py egg_info --egg-base ../../build/new_pkg build --build-base /home/wageh/test/build/new_pkg/build install --record /home/wageh/test/build/new_pkg/install.log --single-version-externally-managed install_data
